[2025-12-10 06:02:15 PM-train.py-INFO:Net-Train]
[2025-12-10 06:02:15 PM-train.py-INFO:Config]
[2025-12-10 06:02:15 PM-train.py-INFO:params:52414993]
[2025-12-10 06:02:15 PM-train.py-INFO:epoch:100;lr:5e-05;batchsize:4;trainsize:256;clip:0.5;decay_rate:0.1;save_path:./lfsod_cpts/;decay_epoch:200]
[2025-12-10 06:02:15 PM-train.py-INFO:Start train...]
[2025-12-10 06:02:16 PM-train.py-INFO:#TRAIN#:Epoch [000/100], Step [0001/0128], LR:0.0000500,  sal_loss:7.443120 ||Mem_use:20031MB]
[2025-12-10 06:03:05 PM-train.py-INFO:#TRAIN#:Epoch [000/100], Step [0100/0128], LR:0.0000500,  sal_loss:5.005871 ||Mem_use:20646MB]
[2025-12-10 06:03:20 PM-train.py-INFO:#TRAIN#:Epoch [000/100], Step [0128/0128], LR:0.0000500,  sal_loss:4.962152 ||Mem_use:20646MB]
[2025-12-10 06:03:20 PM-train.py-INFO:#TRAIN#:Epoch [000/100],Loss_AVG: 5.8622]
[2025-12-10 06:03:28 PM-train.py-INFO:Epoch: 0 MAE: 0.2408378374264563 ####  bestMAE: 1 bestEpoch: 0]
[2025-12-10 06:03:28 PM-train.py-INFO:#TEST#:Epoch:0 MAE:0.2408378374264563 bestEpoch:0 bestMAE:0.2408378374264563]
[2025-12-10 06:03:28 PM-train.py-INFO:#TRAIN#:Epoch [001/100], Step [0001/0128], LR:0.0000500,  sal_loss:6.298985 ||Mem_use:20646MB]
[2025-12-10 06:04:19 PM-train.py-INFO:#TRAIN#:Epoch [001/100], Step [0100/0128], LR:0.0000500,  sal_loss:4.711407 ||Mem_use:20646MB]
[2025-12-10 06:04:34 PM-train.py-INFO:#TRAIN#:Epoch [001/100], Step [0128/0128], LR:0.0000500,  sal_loss:4.029300 ||Mem_use:20646MB]
[2025-12-10 06:04:34 PM-train.py-INFO:#TRAIN#:Epoch [001/100],Loss_AVG: 4.6874]
[2025-12-10 06:04:41 PM-train.py-INFO:Epoch: 1 MAE: 0.16837916418004914 ####  bestMAE: 0.2408378374264563 bestEpoch: 0]
[2025-12-10 06:04:41 PM-train.py-INFO:#TEST#:Epoch:1 MAE:0.16837916418004914 bestEpoch:0 bestMAE:0.16837916418004914]
[2025-12-10 06:04:42 PM-train.py-INFO:#TRAIN#:Epoch [002/100], Step [0001/0128], LR:0.0000500,  sal_loss:3.590324 ||Mem_use:20646MB]
[2025-12-10 06:05:32 PM-train.py-INFO:#TRAIN#:Epoch [002/100], Step [0100/0128], LR:0.0000500,  sal_loss:3.799731 ||Mem_use:20646MB]
[2025-12-10 06:05:47 PM-train.py-INFO:#TRAIN#:Epoch [002/100], Step [0128/0128], LR:0.0000500,  sal_loss:4.206007 ||Mem_use:20646MB]
[2025-12-10 06:05:47 PM-train.py-INFO:#TRAIN#:Epoch [002/100],Loss_AVG: 4.2240]
[2025-12-10 06:05:54 PM-train.py-INFO:Epoch: 2 MAE: 0.1257085910750024 ####  bestMAE: 0.16837916418004914 bestEpoch: 0]
[2025-12-10 06:05:55 PM-train.py-INFO:#TEST#:Epoch:2 MAE:0.1257085910750024 bestEpoch:2 bestMAE:0.1257085910750024]
[2025-12-10 06:05:56 PM-train.py-INFO:#TRAIN#:Epoch [003/100], Step [0001/0128], LR:0.0000500,  sal_loss:4.398324 ||Mem_use:20646MB]
[2025-12-10 06:06:47 PM-train.py-INFO:#TRAIN#:Epoch [003/100], Step [0100/0128], LR:0.0000500,  sal_loss:4.133038 ||Mem_use:20646MB]
[2025-12-10 06:07:01 PM-train.py-INFO:#TRAIN#:Epoch [003/100], Step [0128/0128], LR:0.0000500,  sal_loss:3.262985 ||Mem_use:20646MB]
[2025-12-10 06:07:01 PM-train.py-INFO:#TRAIN#:Epoch [003/100],Loss_AVG: 3.8748]
[2025-12-10 06:07:09 PM-train.py-INFO:Epoch: 3 MAE: 0.1010219654789677 ####  bestMAE: 0.1257085910750024 bestEpoch: 2]
[2025-12-10 06:07:10 PM-train.py-INFO:#TEST#:Epoch:3 MAE:0.1010219654789677 bestEpoch:3 bestMAE:0.1010219654789677]
[2025-12-10 06:07:10 PM-train.py-INFO:#TRAIN#:Epoch [004/100], Step [0001/0128], LR:0.0000500,  sal_loss:3.612694 ||Mem_use:20646MB]
[2025-12-10 06:08:01 PM-train.py-INFO:#TRAIN#:Epoch [004/100], Step [0100/0128], LR:0.0000500,  sal_loss:3.544771 ||Mem_use:20646MB]
[2025-12-10 06:08:15 PM-train.py-INFO:#TRAIN#:Epoch [004/100], Step [0128/0128], LR:0.0000500,  sal_loss:3.108780 ||Mem_use:20646MB]
[2025-12-10 06:08:15 PM-train.py-INFO:#TRAIN#:Epoch [004/100],Loss_AVG: 3.6109]
[2025-12-10 06:08:23 PM-train.py-INFO:Epoch: 4 MAE: 0.0881714387681749 ####  bestMAE: 0.1010219654789677 bestEpoch: 3]
[2025-12-10 06:08:24 PM-train.py-INFO:#TEST#:Epoch:4 MAE:0.0881714387681749 bestEpoch:4 bestMAE:0.0881714387681749]
[2025-12-10 06:08:25 PM-train.py-INFO:#TRAIN#:Epoch [005/100], Step [0001/0128], LR:0.0000500,  sal_loss:2.956562 ||Mem_use:20646MB]
[2025-12-10 06:09:15 PM-train.py-INFO:#TRAIN#:Epoch [005/100], Step [0100/0128], LR:0.0000500,  sal_loss:3.819339 ||Mem_use:20646MB]
[2025-12-10 06:09:30 PM-train.py-INFO:#TRAIN#:Epoch [005/100], Step [0128/0128], LR:0.0000500,  sal_loss:2.976655 ||Mem_use:20646MB]
[2025-12-10 06:09:30 PM-train.py-INFO:#TRAIN#:Epoch [005/100],Loss_AVG: 3.3383]
[2025-12-10 06:09:38 PM-train.py-INFO:Epoch: 5 MAE: 0.0776366180985062 ####  bestMAE: 0.0881714387681749 bestEpoch: 4]
[2025-12-10 06:09:40 PM-train.py-INFO:#TEST#:Epoch:5 MAE:0.0776366180985062 bestEpoch:5 bestMAE:0.0776366180985062]
[2025-12-10 06:09:40 PM-train.py-INFO:#TRAIN#:Epoch [006/100], Step [0001/0128], LR:0.0000500,  sal_loss:3.124844 ||Mem_use:20646MB]
[2025-12-10 06:09:42 PM-train.py-INFO:Keyboard Interrupt: save model and exit.]
[2025-12-10 06:09:42 PM-train.py-INFO:save checkpoints successfully!]
[2025-12-10 06:11:33 PM-train.py-INFO:Net-Train]
[2025-12-10 06:11:33 PM-train.py-INFO:Config]
[2025-12-10 06:11:33 PM-train.py-INFO:params:52414993]
[2025-12-10 06:11:33 PM-train.py-INFO:epoch:100;lr:5e-05;batchsize:4;trainsize:256;clip:0.5;decay_rate:0.1;save_path:./lfsod_cpts/;decay_epoch:200]
[2025-12-10 06:11:33 PM-train.py-INFO:Start train...]
[2025-12-10 06:11:35 PM-train.py-INFO:#TRAIN#:Epoch [000/100], Step [0001/0128], LR:0.0000500,  sal_loss:6.928123 ||Mem_use:20031MB]
[2025-12-10 06:11:36 PM-train.py-INFO:Keyboard Interrupt: save model and exit.]
[2025-12-10 06:11:36 PM-train.py-INFO:save checkpoints successfully!]
[2025-12-10 06:12:27 PM-train.py-INFO:Net-Train]
[2025-12-10 06:12:27 PM-train.py-INFO:Config]
[2025-12-10 06:12:27 PM-train.py-INFO:params:52414993]
[2025-12-10 06:12:27 PM-train.py-INFO:epoch:100;lr:5e-05;batchsize:4;trainsize:256;clip:0.5;decay_rate:0.1;save_path:./lfsod_cpts/;decay_epoch:200]
[2025-12-10 06:12:27 PM-train.py-INFO:Start train...]
[2025-12-10 06:12:28 PM-train.py-INFO:#TRAIN#:Epoch [000/100], Step [0001/0128], LR:0.0000500,  sal_loss:6.994377 ||Mem_use:20031MB]
[2025-12-10 06:12:58 PM-train.py-INFO:Keyboard Interrupt: save model and exit.]
[2025-12-10 06:12:59 PM-train.py-INFO:save checkpoints successfully!]
